
  .   ____          _            __ _ _
 /\\ / ___'_ __ _ _(_)_ __  __ _ \ \ \ \
( ( )\___ | '_ | '_| | '_ \/ _` | \ \ \ \
 \\/  ___)| |_)| | | | | || (_| |  ) ) ) )
  '  |____| .__|_| |_|_| |_\__, | / / / /
 =========|_|==============|___/=/_/_/_/

 :: Spring Boot ::                (v3.5.4)

2025-08-22T17:24:06.965-04:00  INFO 24080 --- [ConstructionFinance] [           main] b.c.g.c.f.ConstructionFinanceApplication : Starting ConstructionFinanceApplication v0.0.1-SNAPSHOT using Java 21.0.8 with PID 24080 (C:\apps\construction-finance\app.jar started by SERVERGALSYSTEM$ in C:\apps\construction-finance)
2025-08-22T17:24:06.969-04:00  INFO 24080 --- [ConstructionFinance] [           main] b.c.g.c.f.ConstructionFinanceApplication : The following 1 profile is active: "prod"
2025-08-22T17:24:08.215-04:00  INFO 24080 --- [ConstructionFinance] [           main] .s.d.r.c.RepositoryConfigurationDelegate : Bootstrapping Spring Data JPA repositories in DEFAULT mode.
2025-08-22T17:24:08.293-04:00  INFO 24080 --- [ConstructionFinance] [           main] .s.d.r.c.RepositoryConfigurationDelegate : Finished Spring Data repository scanning in 63 ms. Found 5 JPA repository interfaces.
2025-08-22T17:24:09.046-04:00  INFO 24080 --- [ConstructionFinance] [           main] o.s.b.w.embedded.tomcat.TomcatWebServer  : Tomcat initialized with port 9090 (http)
2025-08-22T17:24:09.061-04:00  INFO 24080 --- [ConstructionFinance] [           main] o.apache.catalina.core.StandardService   : Starting service [Tomcat]
2025-08-22T17:24:09.061-04:00  INFO 24080 --- [ConstructionFinance] [           main] o.apache.catalina.core.StandardEngine    : Starting Servlet engine: [Apache Tomcat/10.1.43]
2025-08-22T17:24:09.108-04:00  INFO 24080 --- [ConstructionFinance] [           main] o.a.c.c.C.[Tomcat].[localhost].[/]       : Initializing Spring embedded WebApplicationContext
2025-08-22T17:24:09.108-04:00  INFO 24080 --- [ConstructionFinance] [           main] w.s.c.ServletWebServerApplicationContext : Root WebApplicationContext: initialization completed in 2094 ms
2025-08-22T17:24:09.608-04:00  INFO 24080 --- [ConstructionFinance] [           main] com.zaxxer.hikari.HikariDataSource       : HikariPool-1 - Starting...
2025-08-22T17:24:09.797-04:00  INFO 24080 --- [ConstructionFinance] [           main] com.zaxxer.hikari.pool.HikariPool        : HikariPool-1 - Added connection org.postgresql.jdbc.PgConnection@18dac12f
2025-08-22T17:24:09.797-04:00  INFO 24080 --- [ConstructionFinance] [           main] com.zaxxer.hikari.HikariDataSource       : HikariPool-1 - Start completed.
2025-08-22T17:24:09.828-04:00  INFO 24080 --- [ConstructionFinance] [           main] org.flywaydb.core.FlywayExecutor         : Database: jdbc:postgresql://localhost:5432/construction-finance (PostgreSQL 17.2)
2025-08-22T17:24:09.859-04:00  INFO 24080 --- [ConstructionFinance] [           main] o.f.core.internal.command.DbValidate     : Successfully validated 0 migrations (execution time 00:00.014s)
2025-08-22T17:24:09.859-04:00  WARN 24080 --- [ConstructionFinance] [           main] o.f.core.internal.command.DbValidate     : No migrations found. Are your locations set up correctly?
2025-08-22T17:24:09.890-04:00  INFO 24080 --- [ConstructionFinance] [           main] o.f.core.internal.command.DbMigrate      : Current version of schema "public": << Empty Schema >>
2025-08-22T17:24:09.890-04:00  INFO 24080 --- [ConstructionFinance] [           main] o.f.core.internal.command.DbMigrate      : Schema "public" is up to date. No migration necessary.
2025-08-22T17:24:10.099-04:00  INFO 24080 --- [ConstructionFinance] [           main] o.hibernate.jpa.internal.util.LogHelper  : HHH000204: Processing PersistenceUnitInfo [name: default]
2025-08-22T17:24:10.161-04:00  INFO 24080 --- [ConstructionFinance] [           main] org.hibernate.Version                    : HHH000412: Hibernate ORM core version 6.6.22.Final
2025-08-22T17:24:10.208-04:00  INFO 24080 --- [ConstructionFinance] [           main] o.h.c.internal.RegionFactoryInitiator    : HHH000026: Second-level cache disabled
2025-08-22T17:24:10.451-04:00  INFO 24080 --- [ConstructionFinance] [           main] o.s.o.j.p.SpringPersistenceUnitInfo      : No LoadTimeWeaver setup: ignoring JPA class transformer
2025-08-22T17:24:10.498-04:00  WARN 24080 --- [ConstructionFinance] [           main] org.hibernate.orm.deprecation            : HHH90000025: PostgreSQLDialect does not need to be specified explicitly using 'hibernate.dialect' (remove the property setting and it will be selected by default)
2025-08-22T17:24:10.498-04:00  INFO 24080 --- [ConstructionFinance] [           main] org.hibernate.orm.connections.pooling    : HHH10001005: Database info:
	Database JDBC URL [Connecting through datasource 'HikariDataSource (HikariPool-1)']
	Database driver: undefined/unknown
	Database version: 17.2
	Autocommit mode: undefined/unknown
	Isolation level: undefined/unknown
	Minimum pool size: undefined/unknown
	Maximum pool size: undefined/unknown
2025-08-22T17:24:11.368-04:00  INFO 24080 --- [ConstructionFinance] [           main] o.h.e.t.j.p.i.JtaPlatformInitiator       : HHH000489: No JTA platform available (set 'hibernate.transaction.jta.platform' to enable JTA platform integration)
2025-08-22T17:24:11.495-04:00  INFO 24080 --- [ConstructionFinance] [           main] j.LocalContainerEntityManagerFactoryBean : Initialized JPA EntityManagerFactory for persistence unit 'default'
2025-08-22T17:24:11.714-04:00  INFO 24080 --- [ConstructionFinance] [           main] o.s.d.j.r.query.QueryEnhancerFactory     : Hibernate is in classpath; If applicable, HQL parser will be used.
2025-08-22T17:24:12.386-04:00 DEBUG 24080 --- [ConstructionFinance] [           main] b.c.g.c.f.security.jwt.JwtAuthFilter     : Filter 'jwtAuthFilter' configured for use
2025-08-22T17:24:13.589-04:00  WARN 24080 --- [ConstructionFinance] [           main] JpaBaseConfiguration$JpaWebConfiguration : spring.jpa.open-in-view is enabled by default. Therefore, database queries may be performed during view rendering. Explicitly configure spring.jpa.open-in-view to disable this warning
2025-08-22T17:24:13.605-04:00  INFO 24080 --- [ConstructionFinance] [           main] o.s.b.a.w.s.WelcomePageHandlerMapping    : Adding welcome page template: index
2025-08-22T17:24:13.841-04:00  INFO 24080 --- [ConstructionFinance] [           main] o.s.b.a.e.web.EndpointLinksResolver      : Exposing 1 endpoint beneath base path '/actuator'
2025-08-22T17:24:13.872-04:00  INFO 24080 --- [ConstructionFinance] [           main] eAuthenticationProviderManagerConfigurer : Global AuthenticationManager configured with AuthenticationProvider bean with name authenticationProvider
2025-08-22T17:24:13.872-04:00  WARN 24080 --- [ConstructionFinance] [           main] r$InitializeUserDetailsManagerConfigurer : Global AuthenticationManager configured with an AuthenticationProvider bean. UserDetailsService beans will not be used by Spring Security for automatically configuring username/password login. Consider removing the AuthenticationProvider bean. Alternatively, consider using the UserDetailsService in a manually instantiated DaoAuthenticationProvider. If the current configuration is intentional, to turn off this warning, increase the logging level of 'org.springframework.security.config.annotation.authentication.configuration.InitializeUserDetailsBeanManagerConfigurer' to ERROR
2025-08-22T17:24:13.951-04:00 DEBUG 24080 --- [ConstructionFinance] [           main] o.s.s.web.DefaultSecurityFilterChain     : Will secure any request with filters: DisableEncodeUrlFilter, WebAsyncManagerIntegrationFilter, SecurityContextHolderFilter, HeaderWriterFilter, CorsFilter, LogoutFilter, JwtAuthFilter, RequestCacheAwareFilter, SecurityContextHolderAwareRequestFilter, AnonymousAuthenticationFilter, SessionManagementFilter, ExceptionTranslationFilter, AuthorizationFilter
2025-08-22T17:24:14.263-04:00  INFO 24080 --- [ConstructionFinance] [           main] o.s.b.w.embedded.tomcat.TomcatWebServer  : Tomcat started on port 9090 (http) with context path '/'
2025-08-22T17:24:14.279-04:00  INFO 24080 --- [ConstructionFinance] [           main] b.c.g.c.f.ConstructionFinanceApplication : Started ConstructionFinanceApplication in 7.737 seconds (process running for 8.283)
2025-08-22T17:25:33.707-04:00  INFO 24080 --- [ConstructionFinance] [ionShutdownHook] o.s.b.w.e.tomcat.GracefulShutdown        : Commencing graceful shutdown. Waiting for active requests to complete
2025-08-22T17:25:33.722-04:00  INFO 24080 --- [ConstructionFinance] [tomcat-shutdown] o.s.b.w.e.tomcat.GracefulShutdown        : Graceful shutdown complete
2025-08-22T17:25:33.722-04:00  INFO 24080 --- [ConstructionFinance] [ionShutdownHook] j.LocalContainerEntityManagerFactoryBean : Closing JPA EntityManagerFactory for persistence unit 'default'
2025-08-22T17:25:33.722-04:00  INFO 24080 --- [ConstructionFinance] [ionShutdownHook] com.zaxxer.hikari.HikariDataSource       : HikariPool-1 - Shutdown initiated...
2025-08-22T17:25:33.722-04:00  INFO 24080 --- [ConstructionFinance] [ionShutdownHook] com.zaxxer.hikari.HikariDataSource       : HikariPool-1 - Shutdown completed.
